<?xml version="1.0" encoding="UTF-8"?>
<!-- Generated by org.testng.reporters.JUnitReportReporter -->
<testsuite skipped="0" hostname="admins-MacBook-Air.local" name="Mavenjava.MavenTesting.Api" tests="1" failures="0" timestamp="14 Mar 2020 21:17:40 GMT" time="0.014" errors="0">
  <testcase name="ApiTest" time="0.014" classname="Mavenjava.MavenTesting.Api"/>
</testsuite> <!-- Mavenjava.MavenTesting.Api -->
