<?xml version="1.0" encoding="UTF-8"?>
<!-- Generated by org.testng.reporters.JUnitReportReporter -->
<testsuite skipped="0" hostname="admins-MacBook-Air.local" name="Mavenjava.MavenTesting.RestApi" tests="1" failures="0" timestamp="14 Mar 2020 20:16:33 GMT" time="0.011" errors="0">
  <testcase name="test1" time="0.011" classname="Mavenjava.MavenTesting.RestApi"/>
</testsuite> <!-- Mavenjava.MavenTesting.RestApi -->
