<?xml version="1.0" encoding="UTF-8"?>
<!-- Generated by org.testng.reporters.JUnitReportReporter -->
<testsuite skipped="0" hostname="admins-MacBook-Air.local" name="Mavenjava.MavenTesting.AppiumTest" tests="1" failures="0" timestamp="14 Mar 2020 19:59:43 GMT" time="0.021" errors="0">
  <testcase name="test" time="0.021" classname="Mavenjava.MavenTesting.AppiumTest"/>
</testsuite> <!-- Mavenjava.MavenTesting.AppiumTest -->
