<?xml version="1.0" encoding="UTF-8"?>
<!-- Generated by org.testng.reporters.JUnitReportReporter -->
<testsuite skipped="0" hostname="admins-MacBook-Air.local" name="Mavenjava.MavenTesting.SeleniumTest" tests="1" failures="0" timestamp="29 Mar 2020 22:16:00 GMT" time="0.001" errors="0">
  <testcase name="test4" time="0.001" classname="Mavenjava.MavenTesting.SeleniumTest"/>
</testsuite> <!-- Mavenjava.MavenTesting.SeleniumTest -->
