<?xml version="1.0" encoding="UTF-8"?>
<!-- Generated by org.testng.reporters.JUnitReportReporter -->
<testsuite skipped="0" hostname="admins-MacBook-Air.local" name="Mavenjava.MavenTesting.AppiumTest" tests="2" failures="0" timestamp="29 Mar 2020 22:16:00 GMT" time="0.004" errors="0">
  <testcase name="test6" time="0.001" classname="Mavenjava.MavenTesting.AppiumTest"/>
  <testcase name="test" time="0.003" classname="Mavenjava.MavenTesting.AppiumTest"/>
</testsuite> <!-- Mavenjava.MavenTesting.AppiumTest -->
