<?xml version="1.0" encoding="UTF-8"?>
<!-- Generated by org.testng.reporters.JUnitReportReporter -->
<testsuite skipped="0" hostname="admins-MacBook-Air.local" name="Mavenjava.MavenTesting.RestassuredTest" tests="1" failures="0" timestamp="29 Mar 2020 22:16:00 GMT" time="0.000" errors="0">
  <testcase name="ApiTest" time="0.000" classname="Mavenjava.MavenTesting.RestassuredTest"/>
</testsuite> <!-- Mavenjava.MavenTesting.RestassuredTest -->
