<?xml version="1.0" encoding="UTF-8"?>
<!-- Generated by org.testng.reporters.JUnitReportReporter -->
<testsuite skipped="0" hostname="admins-MacBook-Air.local" name="Mavenjava.MavenTesting.AppTest" tests="1" failures="0" timestamp="29 Mar 2020 22:16:00 GMT" time="0.006" errors="0">
  <testcase name="test2" time="0.006" classname="Mavenjava.MavenTesting.AppTest"/>
</testsuite> <!-- Mavenjava.MavenTesting.AppTest -->
